{"/home/travis/build/kaizhu256/node-swgg-github-migration/test.js":{"path":"/home/travis/build/kaizhu256/node-swgg-github-migration/test.js","s":{"1":2,"2":2,"3":2,"4":2,"5":2,"6":2,"7":2,"8":1,"9":2,"10":2,"11":2},"b":{"1":[2,1,1,1],"2":[1,1,1,1],"3":[1,1],"4":[2,1]},"f":{"1":2,"2":2,"3":2},"fnMap":{"1":{"name":"(anonymous_1)","line":13,"loc":{"start":{"line":13,"column":1},"end":{"line":13,"column":13}}},"2":{"name":"(anonymous_2)","line":20,"loc":{"start":{"line":20,"column":5},"end":{"line":20,"column":17}}},"3":{"name":"(anonymous_3)","line":24,"loc":{"start":{"line":24,"column":24},"end":{"line":24,"column":36}}}},"statementMap":{"1":{"start":{"line":13,"column":0},"end":{"line":47,"column":5}},"2":{"start":{"line":15,"column":4},"end":{"line":15,"column":14}},"3":{"start":{"line":20,"column":4},"end":{"line":46,"column":9}},"4":{"start":{"line":22,"column":8},"end":{"line":22,"column":19}},"5":{"start":{"line":24,"column":8},"end":{"line":36,"column":13}},"6":{"start":{"line":25,"column":12},"end":{"line":35,"column":13}},"7":{"start":{"line":26,"column":16},"end":{"line":29,"column":30}},"8":{"start":{"line":31,"column":16},"end":{"line":34,"column":27}},"9":{"start":{"line":38,"column":8},"end":{"line":40,"column":21}},"10":{"start":{"line":42,"column":8},"end":{"line":43,"column":68}},"11":{"start":{"line":45,"column":8},"end":{"line":45,"column":33}}},"branchMap":{"1":{"line":26,"type":"binary-expr","locations":[{"start":{"line":26,"column":23},"end":{"line":26,"column":62}},{"start":{"line":27,"column":20},"end":{"line":27,"column":70}},{"start":{"line":28,"column":20},"end":{"line":28,"column":71}},{"start":{"line":29,"column":20},"end":{"line":29,"column":29}}]},"2":{"line":31,"type":"binary-expr","locations":[{"start":{"line":31,"column":23},"end":{"line":31,"column":37}},{"start":{"line":32,"column":20},"end":{"line":32,"column":61}},{"start":{"line":33,"column":20},"end":{"line":33,"column":70}},{"start":{"line":34,"column":20},"end":{"line":34,"column":26}}]},"3":{"line":38,"type":"cond-expr","locations":[{"start":{"line":39,"column":14},"end":{"line":39,"column":20}},{"start":{"line":40,"column":14},"end":{"line":40,"column":20}}]},"4":{"line":42,"type":"binary-expr","locations":[{"start":{"line":42,"column":38},"end":{"line":42,"column":59}},{"start":{"line":43,"column":12},"end":{"line":43,"column":50}}]}},"code":["/* istanbul instrument in package swgg_github_migration */","/* jslint-utility2 */","/*jslint","    bitwise: true,","    browser: true,","    maxerr: 4,","    maxlen: 100,","    node: true,","    nomen: true,","    regexp: true,","    stupid: true","*/","(function () {","    'use strict';","    var local;","","","","    // run shared js-env code - init-before","    (function () {","        // init local","        local = {};","        // init modeJs","        local.modeJs = (function () {","            try {","                return typeof navigator.userAgent === 'string' &&","                    typeof document.querySelector('body') === 'object' &&","                    typeof XMLHttpRequest.prototype.open === 'function' &&","                    'browser';","            } catch (errorCaughtBrowser) {","                return module.exports &&","                    typeof process.versions.node === 'string' &&","                    typeof require('http').createServer === 'function' &&","                    'node';","            }","        }());","        // init global","        local.global = local.modeJs === 'browser'","            ? window","            : global;","        // re-init local","        local = local.global.local = (local.global.utility2 ||","            require('./assets.utility2.rollup.js')).requireReadme();","        // init test","        local.testRunInit(local);","    }());","}());",""],"l":{"13":2,"15":2,"20":2,"22":2,"24":2,"25":2,"26":2,"31":1,"38":2,"42":2,"45":2}},"/home/travis/build/kaizhu256/node-swgg-github-migration/lib.swgg_github_migration.js":{"path":"/home/travis/build/kaizhu256/node-swgg-github-migration/lib.swgg_github_migration.js","s":{"1":2,"2":2,"3":2,"4":2,"5":2,"6":2,"7":2,"8":1,"9":2,"10":2,"11":2,"12":2,"13":2,"14":2,"15":1,"16":1,"17":85,"18":1,"19":1,"20":1,"21":2},"b":{"1":[2,1,1,1],"2":[1,1,1,1],"3":[1,1],"4":[2,2],"5":[2,0],"6":[2,2,0],"7":[1,1],"8":[1,84],"9":[85,53]},"f":{"1":2,"2":2,"3":2,"4":85},"fnMap":{"1":{"name":"(anonymous_1)","line":13,"loc":{"start":{"line":13,"column":1},"end":{"line":13,"column":13}}},"2":{"name":"(anonymous_2)","line":20,"loc":{"start":{"line":20,"column":5},"end":{"line":20,"column":17}}},"3":{"name":"(anonymous_3)","line":24,"loc":{"start":{"line":24,"column":24},"end":{"line":24,"column":36}}},"4":{"name":"(anonymous_4)","line":55,"loc":{"start":{"line":55,"column":60},"end":{"line":55,"column":75}}}},"statementMap":{"1":{"start":{"line":13,"column":0},"end":{"line":66,"column":5}},"2":{"start":{"line":15,"column":4},"end":{"line":15,"column":14}},"3":{"start":{"line":20,"column":4},"end":{"line":65,"column":9}},"4":{"start":{"line":22,"column":8},"end":{"line":22,"column":19}},"5":{"start":{"line":24,"column":8},"end":{"line":36,"column":13}},"6":{"start":{"line":25,"column":12},"end":{"line":35,"column":13}},"7":{"start":{"line":26,"column":16},"end":{"line":29,"column":30}},"8":{"start":{"line":31,"column":16},"end":{"line":34,"column":27}},"9":{"start":{"line":38,"column":8},"end":{"line":40,"column":21}},"10":{"start":{"line":42,"column":8},"end":{"line":42,"column":54}},"11":{"start":{"line":44,"column":8},"end":{"line":49,"column":9},"skip":true},"12":{"start":{"line":45,"column":12},"end":{"line":47,"column":55},"skip":true},"13":{"start":{"line":48,"column":12},"end":{"line":48,"column":28},"skip":true},"14":{"start":{"line":51,"column":8},"end":{"line":62,"column":9}},"15":{"start":{"line":52,"column":12},"end":{"line":52,"column":64}},"16":{"start":{"line":55,"column":12},"end":{"line":59,"column":15}},"17":{"start":{"line":56,"column":16},"end":{"line":58,"column":17}},"18":{"start":{"line":57,"column":20},"end":{"line":57,"column":46}},"19":{"start":{"line":60,"column":12},"end":{"line":60,"column":35}},"20":{"start":{"line":61,"column":12},"end":{"line":61,"column":49}},"21":{"start":{"line":64,"column":8},"end":{"line":64,"column":58}}},"branchMap":{"1":{"line":26,"type":"binary-expr","locations":[{"start":{"line":26,"column":23},"end":{"line":26,"column":62}},{"start":{"line":27,"column":20},"end":{"line":27,"column":70}},{"start":{"line":28,"column":20},"end":{"line":28,"column":71}},{"start":{"line":29,"column":20},"end":{"line":29,"column":29}}]},"2":{"line":31,"type":"binary-expr","locations":[{"start":{"line":31,"column":23},"end":{"line":31,"column":37}},{"start":{"line":32,"column":20},"end":{"line":32,"column":61}},{"start":{"line":33,"column":20},"end":{"line":33,"column":70}},{"start":{"line":34,"column":20},"end":{"line":34,"column":26}}]},"3":{"line":38,"type":"cond-expr","locations":[{"start":{"line":39,"column":14},"end":{"line":39,"column":20}},{"start":{"line":40,"column":14},"end":{"line":40,"column":20}}]},"4":{"line":42,"type":"binary-expr","locations":[{"start":{"line":42,"column":16},"end":{"line":42,"column":44}},{"start":{"line":42,"column":48},"end":{"line":42,"column":53}}]},"5":{"line":44,"type":"if","locations":[{"start":{"line":44,"column":8},"end":{"line":44,"column":8},"skip":true},{"start":{"line":44,"column":8},"end":{"line":44,"column":8},"skip":true}]},"6":{"line":45,"type":"binary-expr","locations":[{"start":{"line":45,"column":20},"end":{"line":45,"column":48},"skip":true},{"start":{"line":46,"column":16},"end":{"line":46,"column":48},"skip":true},{"start":{"line":47,"column":16},"end":{"line":47,"column":54},"skip":true}]},"7":{"line":51,"type":"if","locations":[{"start":{"line":51,"column":8},"end":{"line":51,"column":8}},{"start":{"line":51,"column":8},"end":{"line":51,"column":8}}]},"8":{"line":56,"type":"if","locations":[{"start":{"line":56,"column":16},"end":{"line":56,"column":16}},{"start":{"line":56,"column":16},"end":{"line":56,"column":16}}]},"9":{"line":56,"type":"binary-expr","locations":[{"start":{"line":56,"column":20},"end":{"line":56,"column":31}},{"start":{"line":56,"column":35},"end":{"line":56,"column":69}}]}},"code":["/* istanbul instrument in package swgg_github_migration */","/* jslint-utility2 */","/*jslint","    bitwise: true,","    browser: true,","    maxerr: 4,","    maxlen: 100,","    node: true,","    nomen: true,","    regexp: true,","    stupid: true","*/","(function () {","    'use strict';","    var local;","","","","    // run shared js-env code - init-before","    (function () {","        // init local","        local = {};","        // init modeJs","        local.modeJs = (function () {","            try {","                return typeof navigator.userAgent === 'string' &&","                    typeof document.querySelector('body') === 'object' &&","                    typeof XMLHttpRequest.prototype.open === 'function' &&","                    'browser';","            } catch (errorCaughtBrowser) {","                return module.exports &&","                    typeof process.versions.node === 'string' &&","                    typeof require('http').createServer === 'function' &&","                    'node';","            }","        }());","        // init global","        local.global = local.modeJs === 'browser'","            ? window","            : global;","        // init utility2_rollup","        local = local.global.utility2_rollup || local;","        /* istanbul ignore next */","        if (local) {","            local = local.global.utility2_rollup ||","                local.global.utility2_rollup_old ||","                require('./assets.utility2.rollup.js');","            local.fs = null;","        }","        // init exports","        if (local.modeJs === 'browser') {","            local.global.utility2_swgg_github_migration = local;","        } else {","            // require builtins","            Object.keys(process.binding('natives')).forEach(function (key) {","                if (!local[key] && !(/\\/|^_|^assert|^sys$/).test(key)) {","                    local[key] = require(key);","                }","            });","            module.exports = local;","            module.exports.__dirname = __dirname;","        }","        // init lib","        local.local = local.swgg_github_migration = local;","    }());","}());",""],"l":{"13":2,"15":2,"20":2,"22":2,"24":2,"25":2,"26":2,"31":1,"38":2,"42":2,"44":2,"45":2,"48":2,"51":2,"52":1,"55":1,"56":85,"57":1,"60":1,"61":1,"64":2}},"/home/travis/build/kaizhu256/node-swgg-github-migration/example.js":{"path":"/home/travis/build/kaizhu256/node-swgg-github-migration/example.js","s":{"1":2,"2":2,"3":2,"4":2,"5":2,"6":2,"7":2,"8":1,"9":2,"10":2,"11":2,"12":2,"13":2,"14":1,"15":1,"16":1,"17":85,"18":0,"19":1,"20":1,"21":4,"22":4,"23":4,"24":1,"25":1,"26":0,"27":0,"28":0,"29":0,"30":0,"31":0,"32":1,"33":1,"34":0,"35":0,"36":0,"37":0,"38":0,"39":0,"40":0,"41":0,"42":0,"43":0,"44":0,"45":0,"46":0,"47":0,"48":0,"49":0,"50":0},"b":{"1":[2,1,1,1],"2":[1,1,1,1],"3":[1,1],"4":[2,2],"5":[1,1],"6":[1,1],"7":[0,85],"8":[85,52],"9":[1,0],"10":[4,1],"11":[1,3],"12":[0,0,0,0,0],"13":[1,0],"14":[1,0],"15":[0,0],"16":[0,0],"17":[0,0],"18":[0,0],"19":[0,0],"20":[0,0],"21":[0,0]},"f":{"1":2,"2":2,"3":2,"4":85,"5":4,"6":0,"7":0},"fnMap":{"1":{"name":"(anonymous_1)","line":129,"loc":{"start":{"line":129,"column":1},"end":{"line":129,"column":13}}},"2":{"name":"(anonymous_2)","line":136,"loc":{"start":{"line":136,"column":5},"end":{"line":136,"column":17}}},"3":{"name":"(anonymous_3)","line":140,"loc":{"start":{"line":140,"column":24},"end":{"line":140,"column":36}}},"4":{"name":"(anonymous_4)","line":183,"loc":{"start":{"line":183,"column":56},"end":{"line":183,"column":71}},"skip":true},"5":{"name":"(anonymous_5)","line":195,"loc":{"start":{"line":195,"column":18},"end":{"line":195,"column":34}},"skip":true},"6":{"name":"(anonymous_6)","line":209,"loc":{"start":{"line":209,"column":47},"end":{"line":209,"column":73}},"skip":true},"7":{"name":"(anonymous_7)","line":251,"loc":{"start":{"line":251,"column":32},"end":{"line":251,"column":61}},"skip":true}},"statementMap":{"1":{"start":{"line":129,"column":0},"end":{"line":262,"column":5}},"2":{"start":{"line":131,"column":4},"end":{"line":131,"column":14}},"3":{"start":{"line":136,"column":4},"end":{"line":165,"column":9}},"4":{"start":{"line":138,"column":8},"end":{"line":138,"column":19}},"5":{"start":{"line":140,"column":8},"end":{"line":152,"column":13}},"6":{"start":{"line":141,"column":12},"end":{"line":151,"column":13}},"7":{"start":{"line":142,"column":16},"end":{"line":145,"column":30}},"8":{"start":{"line":147,"column":16},"end":{"line":150,"column":27}},"9":{"start":{"line":154,"column":8},"end":{"line":156,"column":21}},"10":{"start":{"line":158,"column":8},"end":{"line":160,"column":45}},"11":{"start":{"line":162,"column":8},"end":{"line":162,"column":35}},"12":{"start":{"line":164,"column":8},"end":{"line":164,"column":96}},"13":{"start":{"line":166,"column":4},"end":{"line":261,"column":5}},"14":{"start":{"line":173,"column":8},"end":{"line":173,"column":14},"skip":true},"15":{"start":{"line":181,"column":8},"end":{"line":181,"column":31},"skip":true},"16":{"start":{"line":183,"column":8},"end":{"line":187,"column":11},"skip":true},"17":{"start":{"line":184,"column":12},"end":{"line":186,"column":13},"skip":true},"18":{"start":{"line":185,"column":16},"end":{"line":185,"column":42},"skip":true},"19":{"start":{"line":189,"column":8},"end":{"line":189,"column":50},"skip":true},"20":{"start":{"line":190,"column":8},"end":{"line":204,"column":11},"skip":true},"21":{"start":{"line":196,"column":12},"end":{"line":196,"column":30},"skip":true},"22":{"start":{"line":197,"column":12},"end":{"line":197,"column":66},"skip":true},"23":{"start":{"line":198,"column":12},"end":{"line":203,"column":13},"skip":true},"24":{"start":{"line":199,"column":16},"end":{"line":202,"column":18},"skip":true},"25":{"start":{"line":206,"column":8},"end":{"line":222,"column":15},"skip":true},"26":{"start":{"line":210,"column":16},"end":{"line":221,"column":17},"skip":true},"27":{"start":{"line":212,"column":20},"end":{"line":212,"column":60},"skip":true},"28":{"start":{"line":214,"column":20},"end":{"line":214,"column":51},"skip":true},"29":{"start":{"line":216,"column":20},"end":{"line":216,"column":51},"skip":true},"30":{"start":{"line":218,"column":20},"end":{"line":218,"column":35},"skip":true},"31":{"start":{"line":220,"column":20},"end":{"line":220,"column":34},"skip":true},"32":{"start":{"line":224,"column":8},"end":{"line":226,"column":9},"skip":true},"33":{"start":{"line":225,"column":12},"end":{"line":225,"column":18},"skip":true},"34":{"start":{"line":227,"column":8},"end":{"line":229,"column":54},"skip":true},"35":{"start":{"line":232,"column":8},"end":{"line":237,"column":37},"skip":true},"36":{"start":{"line":239,"column":8},"end":{"line":239,"column":82},"skip":true},"37":{"start":{"line":242,"column":8},"end":{"line":244,"column":9},"skip":true},"38":{"start":{"line":243,"column":12},"end":{"line":243,"column":82},"skip":true},"39":{"start":{"line":246,"column":8},"end":{"line":248,"column":9},"skip":true},"40":{"start":{"line":247,"column":12},"end":{"line":247,"column":18},"skip":true},"41":{"start":{"line":249,"column":8},"end":{"line":249,"column":54},"skip":true},"42":{"start":{"line":250,"column":8},"end":{"line":250,"column":69},"skip":true},"43":{"start":{"line":251,"column":8},"end":{"line":259,"column":36},"skip":true},"44":{"start":{"line":252,"column":12},"end":{"line":252,"column":61},"skip":true},"45":{"start":{"line":253,"column":12},"end":{"line":256,"column":13},"skip":true},"46":{"start":{"line":254,"column":16},"end":{"line":254,"column":75},"skip":true},"47":{"start":{"line":255,"column":16},"end":{"line":255,"column":23},"skip":true},"48":{"start":{"line":257,"column":12},"end":{"line":257,"column":38},"skip":true},"49":{"start":{"line":258,"column":12},"end":{"line":258,"column":27},"skip":true},"50":{"start":{"line":260,"column":8},"end":{"line":260,"column":14},"skip":true}},"branchMap":{"1":{"line":142,"type":"binary-expr","locations":[{"start":{"line":142,"column":23},"end":{"line":142,"column":62}},{"start":{"line":143,"column":20},"end":{"line":143,"column":70}},{"start":{"line":144,"column":20},"end":{"line":144,"column":71}},{"start":{"line":145,"column":20},"end":{"line":145,"column":29}}]},"2":{"line":147,"type":"binary-expr","locations":[{"start":{"line":147,"column":23},"end":{"line":147,"column":37}},{"start":{"line":148,"column":20},"end":{"line":148,"column":61}},{"start":{"line":149,"column":20},"end":{"line":149,"column":70}},{"start":{"line":150,"column":20},"end":{"line":150,"column":26}}]},"3":{"line":154,"type":"cond-expr","locations":[{"start":{"line":155,"column":14},"end":{"line":155,"column":20}},{"start":{"line":156,"column":14},"end":{"line":156,"column":20}}]},"4":{"line":158,"type":"binary-expr","locations":[{"start":{"line":158,"column":16},"end":{"line":158,"column":44}},{"start":{"line":158,"column":49},"end":{"line":160,"column":43}}]},"5":{"line":158,"type":"cond-expr","locations":[{"start":{"line":159,"column":14},"end":{"line":159,"column":57}},{"start":{"line":160,"column":14},"end":{"line":160,"column":43}}]},"6":{"line":166,"type":"switch","locations":[{"start":{"line":172,"column":4},"end":{"line":173,"column":14},"skip":true},{"start":{"line":179,"column":4},"end":{"line":260,"column":14},"skip":true}]},"7":{"line":184,"type":"if","locations":[{"start":{"line":184,"column":12},"end":{"line":184,"column":12},"skip":true},{"start":{"line":184,"column":12},"end":{"line":184,"column":12},"skip":true}]},"8":{"line":184,"type":"binary-expr","locations":[{"start":{"line":184,"column":16},"end":{"line":184,"column":27},"skip":true},{"start":{"line":184,"column":31},"end":{"line":184,"column":65},"skip":true}]},"9":{"line":189,"type":"binary-expr","locations":[{"start":{"line":189,"column":27},"end":{"line":189,"column":43},"skip":true},{"start":{"line":189,"column":47},"end":{"line":189,"column":49},"skip":true}]},"10":{"line":197,"type":"binary-expr","locations":[{"start":{"line":197,"column":37},"end":{"line":197,"column":59},"skip":true},{"start":{"line":197,"column":63},"end":{"line":197,"column":65},"skip":true}]},"11":{"line":198,"type":"if","locations":[{"start":{"line":198,"column":12},"end":{"line":198,"column":12},"skip":true},{"start":{"line":198,"column":12},"end":{"line":198,"column":12},"skip":true}]},"12":{"line":210,"type":"switch","locations":[{"start":{"line":211,"column":16},"end":{"line":212,"column":60},"skip":true},{"start":{"line":213,"column":16},"end":{"line":214,"column":51},"skip":true},{"start":{"line":215,"column":16},"end":{"line":216,"column":51},"skip":true},{"start":{"line":217,"column":16},"end":{"line":218,"column":35},"skip":true},{"start":{"line":219,"column":16},"end":{"line":220,"column":34},"skip":true}]},"13":{"line":224,"type":"if","locations":[{"start":{"line":224,"column":8},"end":{"line":224,"column":8},"skip":true},{"start":{"line":224,"column":8},"end":{"line":224,"column":8},"skip":true}]},"14":{"line":224,"type":"binary-expr","locations":[{"start":{"line":224,"column":12},"end":{"line":224,"column":35},"skip":true},{"start":{"line":224,"column":39},"end":{"line":224,"column":67},"skip":true}]},"15":{"line":228,"type":"binary-expr","locations":[{"start":{"line":228,"column":12},"end":{"line":228,"column":50},"skip":true},{"start":{"line":229,"column":12},"end":{"line":229,"column":53},"skip":true}]},"16":{"line":233,"type":"binary-expr","locations":[{"start":{"line":233,"column":12},"end":{"line":233,"column":64},"skip":true},{"start":{"line":234,"column":12},"end":{"line":237,"column":36},"skip":true}]},"17":{"line":239,"type":"binary-expr","locations":[{"start":{"line":239,"column":43},"end":{"line":239,"column":75},"skip":true},{"start":{"line":239,"column":79},"end":{"line":239,"column":81},"skip":true}]},"18":{"line":242,"type":"if","locations":[{"start":{"line":242,"column":8},"end":{"line":242,"column":8},"skip":true},{"start":{"line":242,"column":8},"end":{"line":242,"column":8},"skip":true}]},"19":{"line":246,"type":"if","locations":[{"start":{"line":246,"column":8},"end":{"line":246,"column":8},"skip":true},{"start":{"line":246,"column":8},"end":{"line":246,"column":8},"skip":true}]},"20":{"line":249,"type":"binary-expr","locations":[{"start":{"line":249,"column":27},"end":{"line":249,"column":43},"skip":true},{"start":{"line":249,"column":47},"end":{"line":249,"column":53},"skip":true}]},"21":{"line":253,"type":"if","locations":[{"start":{"line":253,"column":12},"end":{"line":253,"column":12},"skip":true},{"start":{"line":253,"column":12},"end":{"line":253,"column":12},"skip":true}]}},"code":["","","","","","","","","","","","","","","","","","","","","","","","","","","","","","","","","","","","","","","","","","","","","","","","","","","","","","","","","","","","","","","","","","","","","","","","","","","","","","","","","","","","","","","","","","","","","","","","","","","","","","/*","example.js","","this script will run a web-demo of swgg-github-migration","","instruction","    1. save this script as example.js","    2. run the shell command:","        $ npm install swgg-github-migration && PORT=8081 node example.js","    3. open a browser to http://127.0.0.1:8081 and play with the web-demo","    4. edit this script to suit your needs","*/","","","","/* istanbul instrument in package swgg_github_migration */","/* jslint-utility2 */","/*jslint","    bitwise: true,","    browser: true,","    maxerr: 4,","    maxlen: 100,","    node: true,","    nomen: true,","    regexp: true,","    stupid: true","*/","(function () {","    'use strict';","    var local;","","","","    // run shared js-env code - init-before","    (function () {","        // init local","        local = {};","        // init modeJs","        local.modeJs = (function () {","            try {","                return typeof navigator.userAgent === 'string' &&","                    typeof document.querySelector('body') === 'object' &&","                    typeof XMLHttpRequest.prototype.open === 'function' &&","                    'browser';","            } catch (errorCaughtBrowser) {","                return module.exports &&","                    typeof process.versions.node === 'string' &&","                    typeof require('http').createServer === 'function' &&","                    'node';","            }","        }());","        // init global","        local.global = local.modeJs === 'browser'","            ? window","            : global;","        // init utility2_rollup","        local = local.global.utility2_rollup || (local.modeJs === 'browser'","            ? local.global.utility2_swgg_github_migration","            : global.utility2_moduleExports);","        // init exports","        local.global.local = local;","        // init assets","        local.assetsDict['/assets.index.template.html'] = local.assetsDict['/assets.swgg.html'];","    }());","    switch (local.modeJs) {","","","","    // run browser js-env code - init-test","    /* istanbul ignore next */","    case 'browser':","        break;","","","","    // run node js-env code - init-test","    /* istanbul ignore next */","    case 'node':","        // init exports","        module.exports = local;","        // require builtins","        Object.keys(process.binding('natives')).forEach(function (key) {","            if (!local[key] && !(/\\/|^_|^assert|^sys$/).test(key)) {","                local[key] = require(key);","            }","        });","        // init assets","        local.assetsDict = local.assetsDict || {};","        [","            'assets.index.css',","            'assets.index.template.html',","            'assets.swgg.swagger.json',","            'assets.swgg.swagger.server.json'","        ].forEach(function (file) {","            file = '/' + file;","            local.assetsDict[file] = local.assetsDict[file] || '';","            if (local.fs.existsSync(local.__dirname + file)) {","                local.assetsDict[file] = local.fs.readFileSync(","                    local.__dirname + file,","                    'utf8'","                );","            }","        });","/* validateLineSortedReset */","        local.assetsDict['/'] =","            local.assetsDict['/assets.example.html'] =","            local.assetsDict['/assets.index.template.html']","            .replace((/\\{\\{env\\.(\\w+?)\\}\\}/g), function (match0, match1) {","                switch (match1) {","                case 'npm_package_description':","                    return 'the greatest app in the world!';","                case 'npm_package_name':","                    return 'swgg-github-migration';","                case 'npm_package_nameLib':","                    return 'swgg_github_migration';","                case 'npm_package_version':","                    return '0.0.1';","                default:","                    return match0;","                }","            });","        // init cli","        if (module !== require.main || local.global.utility2_rollup) {","            break;","        }","        local.assetsDict['/assets.example.js'] =","            local.assetsDict['/assets.example.js'] ||","            local.fs.readFileSync(__filename, 'utf8');","        // bug-workaround - long $npm_package_buildCustomOrg","        /* jslint-ignore-begin */","        local.assetsDict['/assets.swgg_github_migration.js'] =","            local.assetsDict['/assets.swgg_github_migration.js'] ||","            local.fs.readFileSync(","                local.__dirname + '/lib.swgg_github_migration.js',","                'utf8'","            ).replace((/^#!/), '//');","        /* jslint-ignore-end */","        local.assetsDict['/favicon.ico'] = local.assetsDict['/favicon.ico'] || '';","        // if $npm_config_timeout_exit exists,","        // then exit this process after $npm_config_timeout_exit ms","        if (Number(process.env.npm_config_timeout_exit)) {","            setTimeout(process.exit, Number(process.env.npm_config_timeout_exit));","        }","        // start server","        if (local.global.utility2_serverHttp1) {","            break;","        }","        process.env.PORT = process.env.PORT || '8081';","        console.error('server starting on port ' + process.env.PORT);","        local.http.createServer(function (request, response) {","            request.urlParsed = local.url.parse(request.url);","            if (local.assetsDict[request.urlParsed.pathname] !== undefined) {","                response.end(local.assetsDict[request.urlParsed.pathname]);","                return;","            }","            response.statusCode = 404;","            response.end();","        }).listen(process.env.PORT);","        break;","    }","}());"],"l":{"129":2,"131":2,"136":2,"138":2,"140":2,"141":2,"142":2,"147":1,"154":2,"158":2,"162":2,"164":2,"166":2,"173":1,"181":1,"183":1,"184":85,"185":1,"189":1,"190":1,"196":4,"197":4,"198":4,"199":1,"206":1,"210":1,"212":1,"214":1,"216":1,"218":1,"220":1,"224":1,"225":1,"227":1,"232":1,"239":1,"242":1,"243":1,"246":1,"247":1,"249":1,"250":1,"251":1,"252":1,"253":1,"254":1,"255":1,"257":1,"258":1,"260":1}}}